<?xml version="1.0" encoding="UTF-8" ?>
<testsuites disabled="0" errors="0" failures="1" tests="3" time="21.134">
 <testsuite name="Website Should Open" timestamp="2020-01-05T18:31:27" hostname="localhost" time="21.134" errors="0" tests="3" skipped="0" disabled="0" failures="1">
  <testcase classname="Website Should Open" name="Open Webiste URL" time="15.811" />
  <testcase classname="Website Should Open" name="User Should be Enter Username &amp; Password" time="0.232" />
  <testcase classname="Website Should Open" name="User Should be Login " time="5.089">
   <failure type="toEqual" message="Expected &apos;VideoTap Design Room&apos; to equal &apos;VideoTap Design&apos;."><![CDATA[Error: Failed expectation
    at Object.VerifyTitle (E:\Protractor\VTapAutomation\utility\Utility.js:10:18)
    at UserContext.<anonymous> (E:\Protractor\VTapAutomation\testScripts\LoginTest.js:24:10)
    at processTicksAndRejections (internal/process/task_queues.js:93:5)]]>
   </failure>
  </testcase>
 </testsuite>
</testsuites>